<!DOCTYPE html PUBLIC "-//W3C//DTD XHTML 1.1//EN" "http://www.w3.org/TR/xhtml11/DTD/xhtml11.dtd">
<html xmlns="http://www.w3.org/1999/xhtml"><head><title>TestNG Report</title><style type="text/css">table {margin-bottom:10px;border-collapse:collapse;empty-cells:show}th,td {border:1px solid #009;padding:.25em .5em}th {vertical-align:bottom}td {vertical-align:top}table a {font-weight:bold}.stripe td {background-color: #E6EBF9}.num {text-align:right}.passedodd td {background-color: #3F3}.passedeven td {background-color: #0A0}.skippedodd td {background-color: #DDD}.skippedeven td {background-color: #CCC}.failedodd td,.attn {background-color: #F33}.failedeven td,.stripe .attn {background-color: #D00}.stacktrace {white-space:pre;font-family:monospace}.totop {font-size:85%;text-align:center;border-bottom:2px solid #000}</style></head><body><table><tr><th>Test</th><th># Passed</th><th># Skipped</th><th># Failed</th><th>Time (ms)</th><th>Included Groups</th><th>Excluded Groups</th></tr><tr><th colspan="7">IAnnotationTransformerTestSuite</th></tr><tr><td><a href="#t0">IAnnotationTransformerTestTest</a></td><td class="num">1</td><td class="num attn">12</td><td class="num attn">4</td><td class="num">6,323</td><td></td><td></td></tr></table><table><thead><tr><th>Class</th><th>Method</th><th>Start</th><th>Time (ms)</th></tr></thead><tbody><tr><th colspan="4">IAnnotationTransformerTestSuite</th></tr></tbody><tbody id="t0"><tr><th colspan="4">IAnnotationTransformerTestTest &#8212; failed</th></tr><tr class="failedeven"><td rowspan="2">testNGTutorial.IAnnotationTransformerTest</td><td><a href="#m0">dummyFailTest1</a></td><td rowspan="1">1560786224295</td><td rowspan="1">2</td></tr><tr class="failedeven"><td><a href="#m1">dummyFailTest2</a></td><td rowspan="1">1560786224318</td><td rowspan="1">1</td></tr><tr class="failedodd"><td rowspan="2">testNGTutorial.ITestListnerTest</td><td><a href="#m2">DummyFail</a></td><td rowspan="1">1560786224331</td><td rowspan="1">2</td></tr><tr class="failedodd"><td><a href="#m3">testSoftAssert</a></td><td rowspan="1">1560786230562</td><td rowspan="1">1</td></tr><tr><th colspan="4">IAnnotationTransformerTestTest &#8212; skipped</th></tr><tr class="skippedeven"><td rowspan="6">testNGTutorial.IAnnotationTransformerTest</td><td><a href="#m4">dummyFailTest1</a></td><td rowspan="3">1560786224286</td><td rowspan="3">1</td></tr><tr class="skippedeven"><td><a href="#m5">dummyFailTest1</a></td></tr><tr class="skippedeven"><td><a href="#m6">dummyFailTest1</a></td></tr><tr class="skippedeven"><td><a href="#m7">dummyFailTest2</a></td><td rowspan="3">1560786224314</td><td rowspan="3">2</td></tr><tr class="skippedeven"><td><a href="#m8">dummyFailTest2</a></td></tr><tr class="skippedeven"><td><a href="#m9">dummyFailTest2</a></td></tr><tr class="skippedodd"><td rowspan="6">testNGTutorial.ITestListnerTest</td><td><a href="#m10">DummyFail</a></td><td rowspan="3">1560786224325</td><td rowspan="3">1</td></tr><tr class="skippedodd"><td><a href="#m11">DummyFail</a></td></tr><tr class="skippedodd"><td><a href="#m12">DummyFail</a></td></tr><tr class="skippedodd"><td><a href="#m13">testSoftAssert</a></td><td rowspan="3">1560786230559</td><td rowspan="3">1</td></tr><tr class="skippedodd"><td><a href="#m14">testSoftAssert</a></td></tr><tr class="skippedodd"><td><a href="#m15">testSoftAssert</a></td></tr><tr><th colspan="4">IAnnotationTransformerTestTest &#8212; passed</th></tr><tr class="passedeven"><td rowspan="1">testNGTutorial.ITestListnerTest</td><td><a href="#m16">googleTitleVerify</a></td><td rowspan="1">1560786224335</td><td rowspan="1">6211</td></tr></tbody></table><h2>IAnnotationTransformerTestTest</h2><h3 id="m0">testNGTutorial.IAnnotationTransformerTest#dummyFailTest1</h3><table class="result"><tr><th>Exception</th></tr><tr><td><div class="stacktrace">java.lang.AssertionError: expected [true] but found [false]
	at testNGTutorial.IAnnotationTransformerTest.dummyFailTest1(IAnnotationTransformerTest.java:13)
... Removed 29 stack frames</div></td></tr></table><p class="totop"><a href="#summary">back to summary</a></p><h3 id="m1">testNGTutorial.IAnnotationTransformerTest#dummyFailTest2</h3><table class="result"><tr><th>Exception</th></tr><tr><td><div class="stacktrace">java.lang.AssertionError: expected [true] but found [false]
	at testNGTutorial.IAnnotationTransformerTest.dummyFailTest2(IAnnotationTransformerTest.java:20)
... Removed 29 stack frames</div></td></tr></table><p class="totop"><a href="#summary">back to summary</a></p><h3 id="m2">testNGTutorial.ITestListnerTest#DummyFail</h3><table class="result"><tr><th>Exception</th></tr><tr><td><div class="stacktrace">java.lang.AssertionError: expected [true] but found [false]
	at testNGTutorial.ITestListnerTest.DummyFail(ITestListnerTest.java:39)
... Removed 29 stack frames</div></td></tr></table><p class="totop"><a href="#summary">back to summary</a></p><h3 id="m3">testNGTutorial.ITestListnerTest#testSoftAssert</h3><table class="result"><tr><th>Exception</th></tr><tr><td><div class="stacktrace">java.lang.AssertionError: The following asserts failed:
	expected [13] but found [12]
	at testNGTutorial.ITestListnerTest.testSoftAssert(ITestListnerTest.java:51)
... Removed 26 stack frames</div></td></tr></table><p class="totop"><a href="#summary">back to summary</a></p><h3 id="m4">testNGTutorial.IAnnotationTransformerTest#dummyFailTest1</h3><table class="result"><tr><th>Exception</th></tr><tr><td><div class="stacktrace">java.lang.AssertionError: expected [true] but found [false]
	at testNGTutorial.IAnnotationTransformerTest.dummyFailTest1(IAnnotationTransformerTest.java:13)
... Removed 29 stack frames</div></td></tr></table><p class="totop"><a href="#summary">back to summary</a></p><h3 id="m5">testNGTutorial.IAnnotationTransformerTest#dummyFailTest1</h3><table class="result"><tr><th>Exception</th></tr><tr><td><div class="stacktrace">java.lang.AssertionError: expected [true] but found [false]
	at testNGTutorial.IAnnotationTransformerTest.dummyFailTest1(IAnnotationTransformerTest.java:13)
... Removed 29 stack frames</div></td></tr></table><p class="totop"><a href="#summary">back to summary</a></p><h3 id="m6">testNGTutorial.IAnnotationTransformerTest#dummyFailTest1</h3><table class="result"><tr><th>Exception</th></tr><tr><td><div class="stacktrace">java.lang.AssertionError: expected [true] but found [false]
	at testNGTutorial.IAnnotationTransformerTest.dummyFailTest1(IAnnotationTransformerTest.java:13)
... Removed 29 stack frames</div></td></tr></table><p class="totop"><a href="#summary">back to summary</a></p><h3 id="m7">testNGTutorial.IAnnotationTransformerTest#dummyFailTest2</h3><table class="result"><tr><th>Exception</th></tr><tr><td><div class="stacktrace">java.lang.AssertionError: expected [true] but found [false]
	at testNGTutorial.IAnnotationTransformerTest.dummyFailTest2(IAnnotationTransformerTest.java:20)
... Removed 29 stack frames</div></td></tr></table><p class="totop"><a href="#summary">back to summary</a></p><h3 id="m8">testNGTutorial.IAnnotationTransformerTest#dummyFailTest2</h3><table class="result"><tr><th>Exception</th></tr><tr><td><div class="stacktrace">java.lang.AssertionError: expected [true] but found [false]
	at testNGTutorial.IAnnotationTransformerTest.dummyFailTest2(IAnnotationTransformerTest.java:20)
... Removed 29 stack frames</div></td></tr></table><p class="totop"><a href="#summary">back to summary</a></p><h3 id="m9">testNGTutorial.IAnnotationTransformerTest#dummyFailTest2</h3><table class="result"><tr><th>Exception</th></tr><tr><td><div class="stacktrace">java.lang.AssertionError: expected [true] but found [false]
	at testNGTutorial.IAnnotationTransformerTest.dummyFailTest2(IAnnotationTransformerTest.java:20)
... Removed 29 stack frames</div></td></tr></table><p class="totop"><a href="#summary">back to summary</a></p><h3 id="m10">testNGTutorial.ITestListnerTest#DummyFail</h3><table class="result"><tr><th>Exception</th></tr><tr><td><div class="stacktrace">java.lang.AssertionError: expected [true] but found [false]
	at testNGTutorial.ITestListnerTest.DummyFail(ITestListnerTest.java:39)
... Removed 29 stack frames</div></td></tr></table><p class="totop"><a href="#summary">back to summary</a></p><h3 id="m11">testNGTutorial.ITestListnerTest#DummyFail</h3><table class="result"><tr><th>Exception</th></tr><tr><td><div class="stacktrace">java.lang.AssertionError: expected [true] but found [false]
	at testNGTutorial.ITestListnerTest.DummyFail(ITestListnerTest.java:39)
... Removed 29 stack frames</div></td></tr></table><p class="totop"><a href="#summary">back to summary</a></p><h3 id="m12">testNGTutorial.ITestListnerTest#DummyFail</h3><table class="result"><tr><th>Exception</th></tr><tr><td><div class="stacktrace">java.lang.AssertionError: expected [true] but found [false]
	at testNGTutorial.ITestListnerTest.DummyFail(ITestListnerTest.java:39)
... Removed 29 stack frames</div></td></tr></table><p class="totop"><a href="#summary">back to summary</a></p><h3 id="m13">testNGTutorial.ITestListnerTest#testSoftAssert</h3><table class="result"><tr><th>Exception</th></tr><tr><td><div class="stacktrace">java.lang.AssertionError: The following asserts failed:
	expected [13] but found [12]
	at testNGTutorial.ITestListnerTest.testSoftAssert(ITestListnerTest.java:51)
... Removed 26 stack frames</div></td></tr></table><p class="totop"><a href="#summary">back to summary</a></p><h3 id="m14">testNGTutorial.ITestListnerTest#testSoftAssert</h3><table class="result"><tr><th>Exception</th></tr><tr><td><div class="stacktrace">java.lang.AssertionError: The following asserts failed:
	expected [13] but found [12]
	at testNGTutorial.ITestListnerTest.testSoftAssert(ITestListnerTest.java:51)
... Removed 26 stack frames</div></td></tr></table><p class="totop"><a href="#summary">back to summary</a></p><h3 id="m15">testNGTutorial.ITestListnerTest#testSoftAssert</h3><table class="result"><tr><th>Exception</th></tr><tr><td><div class="stacktrace">java.lang.AssertionError: The following asserts failed:
	expected [13] but found [12]
	at testNGTutorial.ITestListnerTest.testSoftAssert(ITestListnerTest.java:51)
... Removed 26 stack frames</div></td></tr></table><p class="totop"><a href="#summary">back to summary</a></p><h3 id="m16">testNGTutorial.ITestListnerTest#googleTitleVerify</h3><table class="result"></table><p class="totop"><a href="#summary">back to summary</a></p></body></html>