<?xml version="1.0" encoding="UTF-8"?>
<!-- Generated by org.testng.reporters.JUnitXMLReporter -->
<testsuite hostname="Gunu-PC" ignored="0" name="IAnnotationTransformerTestTest" tests="17" failures="4" timestamp="17 Jun 2019 15:43:50 GMT" time="6.323" errors="0">
  <testcase name="dummyFailTest1" time="0.02" classname="testNGTutorial.IAnnotationTransformerTest">
    <skipped/>
  </testcase> <!-- dummyFailTest1 -->
  <testcase name="dummyFailTest1" time="0.001" classname="testNGTutorial.IAnnotationTransformerTest">
    <skipped/>
  </testcase> <!-- dummyFailTest1 -->
  <testcase name="dummyFailTest1" time="0.001" classname="testNGTutorial.IAnnotationTransformerTest">
    <skipped/>
  </testcase> <!-- dummyFailTest1 -->
  <testcase name="dummyFailTest1" time="0.002" classname="testNGTutorial.IAnnotationTransformerTest">
    <failure type="java.lang.AssertionError" message="expected [true] but found [false]">
      <![CDATA[java.lang.AssertionError: expected [true] but found [false]
	at testNGTutorial.IAnnotationTransformerTest.dummyFailTest1(IAnnotationTransformerTest.java:13)
... Removed 29 stack frames]]>
    </failure>
  </testcase> <!-- dummyFailTest1 -->
  <testcase name="dummyFailTest2" time="0.002" classname="testNGTutorial.IAnnotationTransformerTest">
    <skipped/>
  </testcase> <!-- dummyFailTest2 -->
  <testcase name="dummyFailTest2" time="0.003" classname="testNGTutorial.IAnnotationTransformerTest">
    <skipped/>
  </testcase> <!-- dummyFailTest2 -->
  <testcase name="dummyFailTest2" time="0.002" classname="testNGTutorial.IAnnotationTransformerTest">
    <skipped/>
  </testcase> <!-- dummyFailTest2 -->
  <testcase name="dummyFailTest2" time="0.001" classname="testNGTutorial.IAnnotationTransformerTest">
    <failure type="java.lang.AssertionError" message="expected [true] but found [false]">
      <![CDATA[java.lang.AssertionError: expected [true] but found [false]
	at testNGTutorial.IAnnotationTransformerTest.dummyFailTest2(IAnnotationTransformerTest.java:20)
... Removed 29 stack frames]]>
    </failure>
  </testcase> <!-- dummyFailTest2 -->
  <testcase name="DummyFail" time="0.001" classname="testNGTutorial.ITestListnerTest">
    <skipped/>
  </testcase> <!-- DummyFail -->
  <testcase name="DummyFail" time="0.001" classname="testNGTutorial.ITestListnerTest">
    <skipped/>
  </testcase> <!-- DummyFail -->
  <testcase name="DummyFail" time="0.001" classname="testNGTutorial.ITestListnerTest">
    <skipped/>
  </testcase> <!-- DummyFail -->
  <testcase name="DummyFail" time="0.002" classname="testNGTutorial.ITestListnerTest">
    <failure type="java.lang.AssertionError" message="expected [true] but found [false]">
      <![CDATA[java.lang.AssertionError: expected [true] but found [false]
	at testNGTutorial.ITestListnerTest.DummyFail(ITestListnerTest.java:39)
... Removed 29 stack frames]]>
    </failure>
  </testcase> <!-- DummyFail -->
  <testcase name="googleTitleVerify" time="6.211" classname="testNGTutorial.ITestListnerTest"/>
  <testcase name="testSoftAssert" time="0.006" classname="testNGTutorial.ITestListnerTest">
    <skipped/>
  </testcase> <!-- testSoftAssert -->
  <testcase name="testSoftAssert" time="0.002" classname="testNGTutorial.ITestListnerTest">
    <skipped/>
  </testcase> <!-- testSoftAssert -->
  <testcase name="testSoftAssert" time="0.001" classname="testNGTutorial.ITestListnerTest">
    <skipped/>
  </testcase> <!-- testSoftAssert -->
  <testcase name="testSoftAssert" time="0.001" classname="testNGTutorial.ITestListnerTest">
    <failure type="java.lang.AssertionError" message="The following asserts failed:
	expected [13] but found [12]">
      <![CDATA[java.lang.AssertionError: The following asserts failed:
	expected [13] but found [12]
	at testNGTutorial.ITestListnerTest.testSoftAssert(ITestListnerTest.java:51)
... Removed 26 stack frames]]>
    </failure>
  </testcase> <!-- testSoftAssert -->
</testsuite> <!-- IAnnotationTransformerTestTest -->
